2026-01-26T12:15:53+05:30 M=GET ORIG=/autonexus/login BASE=/autonexus SCRIPT_BASE=/autonexus/public PATH=/login
2026-01-26T12:16:07+05:30 M=POST ORIG=/autonexus/login BASE=/autonexus SCRIPT_BASE=/autonexus/public PATH=/login
2026-01-26T12:16:07+05:30 M=GET ORIG=/autonexus/admin-dashboard BASE=/autonexus SCRIPT_BASE=/autonexus/public PATH=/admin-dashboard
2026-01-26T12:16:11+05:30 M=GET ORIG=/autonexus/admin/admin-viewinvoices BASE=/autonexus SCRIPT_BASE=/autonexus/public PATH=/admin/admin-viewinvoices
2026-01-26T12:16:18+05:30 M=GET ORIG=/autonexus/admin/admin-viewinvoices/create BASE=/autonexus SCRIPT_BASE=/autonexus/public PATH=/admin/admin-viewinvoices/create
2026-01-26T12:16:53+05:30 M=POST ORIG=/autonexus/admin/admin-viewinvoices/store BASE=/autonexus SCRIPT_BASE=/autonexus/public PATH=/admin/admin-viewinvoices/store
2026-01-26T12:16:53+05:30 M=GET ORIG=/autonexus/admin/admin-viewinvoices BASE=/autonexus SCRIPT_BASE=/autonexus/public PATH=/admin/admin-viewinvoices
2026-01-26T12:16:56+05:30 M=GET ORIG=/autonexus/admin/admin-viewinvoices/show?id=2 BASE=/autonexus SCRIPT_BASE=/autonexus/public PATH=/admin/admin-viewinvoices/show
2026-01-26T12:17:05+05:30 M=GET ORIG=/autonexus/admin/admin-viewinvoices/download?id=2 BASE=/autonexus SCRIPT_BASE=/autonexus/public PATH=/admin/admin-viewinvoices/download
2026-01-26T12:17:07+05:30 M=GET ORIG=/autonexus/admin/admin-viewinvoices/show?id=2 BASE=/autonexus SCRIPT_BASE=/autonexus/public PATH=/admin/admin-viewinvoices/show
2026-01-26T12:17:09+05:30 M=GET ORIG=/autonexus/admin/admin-viewinvoices BASE=/autonexus SCRIPT_BASE=/autonexus/public PATH=/admin/admin-viewinvoices
2026-01-26T12:25:09+05:30 M=GET ORIG=/autonexus/admin/admin-ongoingservices BASE=/autonexus SCRIPT_BASE=/autonexus/public PATH=/admin/admin-ongoingservices
2026-01-26T12:25:22+05:30 M=GET ORIG=/autonexus/login BASE=/autonexus SCRIPT_BASE=/autonexus/public PATH=/login
2026-01-26T12:25:41+05:30 M=GET ORIG=/autonexus/admin/admin-appointments BASE=/autonexus SCRIPT_BASE=/autonexus/public PATH=/admin/admin-appointments
2026-01-26T12:25:45+05:30 M=GET ORIG=/autonexus/admin/admin-ongoingservices BASE=/autonexus SCRIPT_BASE=/autonexus/public PATH=/admin/admin-ongoingservices
2026-01-26T12:26:09+05:30 M=POST ORIG=/autonexus/login BASE=/autonexus SCRIPT_BASE=/autonexus/public PATH=/login
2026-01-26T12:26:09+05:30 M=GET ORIG=/autonexus/supervisor/dashboard BASE=/autonexus SCRIPT_BASE=/autonexus/public PATH=/supervisor/dashboard
2026-01-26T12:26:16+05:30 M=GET ORIG=/autonexus/supervisor/workorders BASE=/autonexus SCRIPT_BASE=/autonexus/public PATH=/supervisor/workorders
2026-01-26T12:26:23+05:30 M=GET ORIG=/autonexus/login BASE=/autonexus SCRIPT_BASE=/autonexus/public PATH=/login
2026-01-26T12:27:15+05:30 M=POST ORIG=/autonexus/login BASE=/autonexus SCRIPT_BASE=/autonexus/public PATH=/login
2026-01-26T12:27:16+05:30 M=GET ORIG=/autonexus/customer/home BASE=/autonexus SCRIPT_BASE=/autonexus/public PATH=/customer/home
2026-01-26T12:27:16+05:30 M=GET ORIG=/autonexus/assets/img/logo.jpg BASE=/autonexus SCRIPT_BASE=/autonexus/public PATH=/assets/img/logo.jpg
2026-01-26T12:27:20+05:30 M=GET ORIG=/autonexus/customer/book BASE=/autonexus SCRIPT_BASE=/autonexus/public PATH=/customer/book
2026-01-26T12:27:22+05:30 M=GET ORIG=/autonexus/customer/book?branch=BR001 BASE=/autonexus SCRIPT_BASE=/autonexus/public PATH=/customer/book
2026-01-26T12:27:36+05:30 M=POST ORIG=/autonexus/customer/book BASE=/autonexus SCRIPT_BASE=/autonexus/public PATH=/customer/book
2026-01-26T12:27:36+05:30 M=GET ORIG=/autonexus/customer/appointments BASE=/autonexus SCRIPT_BASE=/autonexus/public PATH=/customer/appointments
2026-01-26T12:27:42+05:30 M=GET ORIG=/autonexus/admin/admin-ongoingservices BASE=/autonexus SCRIPT_BASE=/autonexus/public PATH=/admin/admin-ongoingservices
2026-01-26T12:27:42+05:30 M=GET ORIG=/autonexus/login BASE=/autonexus SCRIPT_BASE=/autonexus/public PATH=/login
2026-01-26T12:27:48+05:30 M=GET ORIG=/autonexus/supervisor/workorders BASE=/autonexus SCRIPT_BASE=/autonexus/public PATH=/supervisor/workorders
2026-01-26T12:27:48+05:30 M=GET ORIG=/autonexus/login BASE=/autonexus SCRIPT_BASE=/autonexus/public PATH=/login
2026-01-26T12:28:03+05:30 M=POST ORIG=/autonexus/login BASE=/autonexus SCRIPT_BASE=/autonexus/public PATH=/login
2026-01-26T12:28:03+05:30 M=GET ORIG=/autonexus/supervisor/dashboard BASE=/autonexus SCRIPT_BASE=/autonexus/public PATH=/supervisor/dashboard
2026-01-26T12:28:45+05:30 M=GET ORIG=/autonexus/supervisor/workorders BASE=/autonexus SCRIPT_BASE=/autonexus/public PATH=/supervisor/workorders
2026-01-26T12:28:48+05:30 M=GET ORIG=/autonexus/supervisor/workorders/create BASE=/autonexus SCRIPT_BASE=/autonexus/public PATH=/supervisor/workorders/create
2026-01-26T12:28:58+05:30 M=POST ORIG=/autonexus/supervisor/workorders BASE=/autonexus SCRIPT_BASE=/autonexus/public PATH=/supervisor/workorders
2026-01-26T12:29:11+05:30 M=GET ORIG=/autonexus/supervisor/workorders/create BASE=/autonexus SCRIPT_BASE=/autonexus/public PATH=/supervisor/workorders/create
2026-01-26T12:29:15+05:30 M=POST ORIG=/autonexus/supervisor/workorders BASE=/autonexus SCRIPT_BASE=/autonexus/public PATH=/supervisor/workorders
2026-01-26T12:29:15+05:30 M=GET ORIG=/autonexus/supervisor/workorders BASE=/autonexus SCRIPT_BASE=/autonexus/public PATH=/supervisor/workorders
2026-01-26T12:29:27+05:30 M=POST ORIG=/autonexus/login BASE=/autonexus SCRIPT_BASE=/autonexus/public PATH=/login
2026-01-26T12:29:27+05:30 M=GET ORIG=/autonexus/admin-dashboard BASE=/autonexus SCRIPT_BASE=/autonexus/public PATH=/admin-dashboard
2026-01-26T12:29:29+05:30 M=GET ORIG=/autonexus/admin/admin-ongoingservices BASE=/autonexus SCRIPT_BASE=/autonexus/public PATH=/admin/admin-ongoingservices
2026-01-26T12:29:48+05:30 M=GET ORIG=/autonexus/admin/admin-viewservices BASE=/autonexus SCRIPT_BASE=/autonexus/public PATH=/admin/admin-viewservices
2026-01-26T12:29:53+05:30 M=GET ORIG=/autonexus/admin/admin-updateserviceprice BASE=/autonexus SCRIPT_BASE=/autonexus/public PATH=/admin/admin-updateserviceprice
2026-01-26T12:29:54+05:30 M=GET ORIG=/autonexus/admin/admin-serviceapproval BASE=/autonexus SCRIPT_BASE=/autonexus/public PATH=/admin/admin-serviceapproval
2026-01-26T12:29:56+05:30 M=GET ORIG=/autonexus/admin/admin-appointments BASE=/autonexus SCRIPT_BASE=/autonexus/public PATH=/admin/admin-appointments
2026-01-26T12:30:15+05:30 M=GET ORIG=/autonexus/admin/admin-ongoingservices BASE=/autonexus SCRIPT_BASE=/autonexus/public PATH=/admin/admin-ongoingservices
2026-01-26T12:30:16+05:30 M=GET ORIG=/autonexus/admin/admin-servicehistory BASE=/autonexus SCRIPT_BASE=/autonexus/public PATH=/admin/admin-servicehistory
2026-01-26T12:30:40+05:30 M=GET ORIG=/autonexus/admin/admin-servicehistory/show?id=6 BASE=/autonexus SCRIPT_BASE=/autonexus/public PATH=/admin/admin-servicehistory/show
2026-01-26T12:31:49+05:30 M=GET ORIG=/autonexus/login BASE=/autonexus SCRIPT_BASE=/autonexus/public PATH=/login
2026-01-26T12:33:18+05:30 M=POST ORIG=/autonexus/login BASE=/autonexus SCRIPT_BASE=/autonexus/public PATH=/login
2026-01-26T12:33:18+05:30 M=GET ORIG=/autonexus/admin-dashboard BASE=/autonexus SCRIPT_BASE=/autonexus/public PATH=/admin-dashboard
2026-01-26T12:33:21+05:30 M=GET ORIG=/autonexus/admin/admin-viewreports BASE=/autonexus SCRIPT_BASE=/autonexus/public PATH=/admin/admin-viewreports
2026-01-26T12:34:13+05:30 M=GET ORIG=/autonexus/admin/admin-viewinvoices BASE=/autonexus SCRIPT_BASE=/autonexus/public PATH=/admin/admin-viewinvoices
2026-01-26T12:34:15+05:30 M=GET ORIG=/autonexus/admin/admin-viewreports BASE=/autonexus SCRIPT_BASE=/autonexus/public PATH=/admin/admin-viewreports
2026-01-26T12:34:16+05:30 M=GET ORIG=/autonexus/admin/admin-notifications BASE=/autonexus SCRIPT_BASE=/autonexus/public PATH=/admin/admin-notifications
2026-01-26T12:34:17+05:30 M=GET ORIG=/autonexus/admin/style.css BASE=/autonexus SCRIPT_BASE=/autonexus/public PATH=/admin/style.css
2026-01-26T12:47:28+05:30 M=GET ORIG=/autonexus/admin/admin-servicehistory BASE=/autonexus SCRIPT_BASE=/autonexus/public PATH=/admin/admin-servicehistory
2026-01-30T12:04:28+05:30 M=GET ORIG=/autonexus/login BASE=/autonexus SCRIPT_BASE=/autonexus/public PATH=/login
2026-01-30T12:04:49+05:30 M=POST ORIG=/autonexus/login BASE=/autonexus SCRIPT_BASE=/autonexus/public PATH=/login
2026-01-30T12:04:49+05:30 M=GET ORIG=/autonexus/admin-dashboard BASE=/autonexus SCRIPT_BASE=/autonexus/public PATH=/admin-dashboard
2026-01-30T12:04:55+05:30 M=GET ORIG=/autonexus/admin/admin-viewinvoices BASE=/autonexus SCRIPT_BASE=/autonexus/public PATH=/admin/admin-viewinvoices
2026-01-30T12:04:58+05:30 M=GET ORIG=/autonexus/admin/admin-viewinvoices/create BASE=/autonexus SCRIPT_BASE=/autonexus/public PATH=/admin/admin-viewinvoices/create
2026-01-30T12:05:02+05:30 M=GET ORIG=/autonexus/admin/admin-viewinvoices/create BASE=/autonexus SCRIPT_BASE=/autonexus/public PATH=/admin/admin-viewinvoices/create
2026-01-30T12:05:04+05:30 M=GET ORIG=/autonexus/admin/admin-viewinvoices BASE=/autonexus SCRIPT_BASE=/autonexus/public PATH=/admin/admin-viewinvoices
2026-01-30T12:05:07+05:30 M=GET ORIG=/autonexus/admin/admin-viewinvoices/show?id=3 BASE=/autonexus SCRIPT_BASE=/autonexus/public PATH=/admin/admin-viewinvoices/show
2026-01-30T12:05:10+05:30 M=GET ORIG=/autonexus/admin/admin-viewinvoices/show?id=3 BASE=/autonexus SCRIPT_BASE=/autonexus/public PATH=/admin/admin-viewinvoices/show
2026-01-30T12:05:12+05:30 M=GET ORIG=/autonexus/admin/admin-viewinvoices BASE=/autonexus SCRIPT_BASE=/autonexus/public PATH=/admin/admin-viewinvoices
2026-01-30T12:05:15+05:30 M=GET ORIG=/autonexus/admin/admin-viewinvoices BASE=/autonexus SCRIPT_BASE=/autonexus/public PATH=/admin/admin-viewinvoices
2026-01-30T12:05:17+05:30 M=GET ORIG=/autonexus/admin/admin-viewinvoices/create BASE=/autonexus SCRIPT_BASE=/autonexus/public PATH=/admin/admin-viewinvoices/create
2026-01-30T12:05:19+05:30 M=GET ORIG=/autonexus/admin/admin-viewinvoices/create BASE=/autonexus SCRIPT_BASE=/autonexus/public PATH=/admin/admin-viewinvoices/create
2026-01-30T12:05:21+05:30 M=GET ORIG=/autonexus/admin/admin-viewinvoices BASE=/autonexus SCRIPT_BASE=/autonexus/public PATH=/admin/admin-viewinvoices
2026-01-30T12:08:06+05:30 M=GET ORIG=/autonexus/admin/admin-viewinvoices BASE=/autonexus SCRIPT_BASE=/autonexus/public PATH=/admin/admin-viewinvoices
2026-01-30T12:08:10+05:30 M=GET ORIG=/autonexus/admin/admin-viewinvoices/create BASE=/autonexus SCRIPT_BASE=/autonexus/public PATH=/admin/admin-viewinvoices/create
2026-01-30T12:08:14+05:30 M=GET ORIG=/autonexus/admin/admin-viewinvoices BASE=/autonexus SCRIPT_BASE=/autonexus/public PATH=/admin/admin-viewinvoices
2026-01-30T12:08:16+05:30 M=GET ORIG=/autonexus/admin/admin-viewinvoices/show?id=3 BASE=/autonexus SCRIPT_BASE=/autonexus/public PATH=/admin/admin-viewinvoices/show
2026-01-30T12:08:18+05:30 M=GET ORIG=/autonexus/admin/admin-viewinvoices/download?id=3 BASE=/autonexus SCRIPT_BASE=/autonexus/public PATH=/admin/admin-viewinvoices/download
2026-01-30T12:08:21+05:30 M=GET ORIG=/autonexus/admin/admin-viewinvoices/show?id=3 BASE=/autonexus SCRIPT_BASE=/autonexus/public PATH=/admin/admin-viewinvoices/show
2026-01-30T12:08:22+05:30 M=GET ORIG=/autonexus/admin/admin-viewinvoices BASE=/autonexus SCRIPT_BASE=/autonexus/public PATH=/admin/admin-viewinvoices
2026-01-30T12:08:23+05:30 M=GET ORIG=/autonexus/admin/admin-viewinvoices/download?id=3 BASE=/autonexus SCRIPT_BASE=/autonexus/public PATH=/admin/admin-viewinvoices/download
2026-01-30T12:08:27+05:30 M=GET ORIG=/autonexus/admin/admin-viewinvoices BASE=/autonexus SCRIPT_BASE=/autonexus/public PATH=/admin/admin-viewinvoices
2026-01-30T12:08:34+05:30 M=GET ORIG=/autonexus/admin/admin-viewinvoices/download?id=3 BASE=/autonexus SCRIPT_BASE=/autonexus/public PATH=/admin/admin-viewinvoices/download
2026-01-30T12:08:37+05:30 M=GET ORIG=/autonexus/admin/admin-viewinvoices BASE=/autonexus SCRIPT_BASE=/autonexus/public PATH=/admin/admin-viewinvoices
2026-01-30T12:08:39+05:30 M=GET ORIG=/autonexus/admin/admin-viewinvoices/download?id=2 BASE=/autonexus SCRIPT_BASE=/autonexus/public PATH=/admin/admin-viewinvoices/download
2026-01-30T12:08:41+05:30 M=GET ORIG=/autonexus/admin/admin-viewinvoices BASE=/autonexus SCRIPT_BASE=/autonexus/public PATH=/admin/admin-viewinvoices
2026-01-30T12:09:15+05:30 M=GET ORIG=/autonexus/admin/admin-viewinvoices/download?id=3 BASE=/autonexus SCRIPT_BASE=/autonexus/public PATH=/admin/admin-viewinvoices/download
2026-01-30T12:09:21+05:30 M=GET ORIG=/autonexus/admin/admin-viewinvoices BASE=/autonexus SCRIPT_BASE=/autonexus/public PATH=/admin/admin-viewinvoices
2026-01-30T12:09:28+05:30 M=GET ORIG=/autonexus/admin/admin-viewinvoices/show?id=3 BASE=/autonexus SCRIPT_BASE=/autonexus/public PATH=/admin/admin-viewinvoices/show
2026-01-30T12:09:31+05:30 M=GET ORIG=/autonexus/admin/admin-viewinvoices BASE=/autonexus SCRIPT_BASE=/autonexus/public PATH=/admin/admin-viewinvoices
2026-01-30T12:09:33+05:30 M=GET ORIG=/autonexus/admin/admin-viewinvoices/download?id=3 BASE=/autonexus SCRIPT_BASE=/autonexus/public PATH=/admin/admin-viewinvoices/download
2026-01-30T12:14:29+05:30 M=GET ORIG=/autonexus/admin/admin-viewinvoices BASE=/autonexus SCRIPT_BASE=/autonexus/public PATH=/admin/admin-viewinvoices
2026-01-30T12:14:31+05:30 M=GET ORIG=/autonexus/admin/admin-viewinvoices BASE=/autonexus SCRIPT_BASE=/autonexus/public PATH=/admin/admin-viewinvoices
2026-01-30T12:14:34+05:30 M=GET ORIG=/autonexus/admin/admin-viewinvoices/download?id=3 BASE=/autonexus SCRIPT_BASE=/autonexus/public PATH=/admin/admin-viewinvoices/download
2026-01-30T12:14:36+05:30 M=GET ORIG=/autonexus/admin/admin-viewinvoices BASE=/autonexus SCRIPT_BASE=/autonexus/public PATH=/admin/admin-viewinvoices
2026-01-30T12:15:36+05:30 M=GET ORIG=/autonexus/admin/admin-viewinvoices/download?id=3 BASE=/autonexus SCRIPT_BASE=/autonexus/public PATH=/admin/admin-viewinvoices/download
2026-01-30T12:19:36+05:30 M=GET ORIG=/autonexus/admin/admin-viewinvoices BASE=/autonexus SCRIPT_BASE=/autonexus/public PATH=/admin/admin-viewinvoices
2026-01-30T12:19:39+05:30 M=GET ORIG=/autonexus/admin/admin-viewinvoices BASE=/autonexus SCRIPT_BASE=/autonexus/public PATH=/admin/admin-viewinvoices
2026-01-30T12:19:39+05:30 M=GET ORIG=/autonexus/admin/admin-viewinvoices BASE=/autonexus SCRIPT_BASE=/autonexus/public PATH=/admin/admin-viewinvoices
2026-01-30T12:19:44+05:30 M=GET ORIG=/autonexus/admin/admin-viewinvoices/download?id=3 BASE=/autonexus SCRIPT_BASE=/autonexus/public PATH=/admin/admin-viewinvoices/download
2026-01-30T12:19:55+05:30 M=GET ORIG=/autonexus/admin/admin-viewinvoices BASE=/autonexus SCRIPT_BASE=/autonexus/public PATH=/admin/admin-viewinvoices
2026-01-30T12:20:06+05:30 M=GET ORIG=/autonexus/admin/admin-viewinvoices/show?id=3 BASE=/autonexus SCRIPT_BASE=/autonexus/public PATH=/admin/admin-viewinvoices/show
2026-01-30T12:20:08+05:30 M=GET ORIG=/autonexus/admin/admin-viewinvoices/download?id=3 BASE=/autonexus SCRIPT_BASE=/autonexus/public PATH=/admin/admin-viewinvoices/download
2026-01-30T12:22:56+05:30 M=GET ORIG=/autonexus/admin/admin-viewinvoices/show?id=3 BASE=/autonexus SCRIPT_BASE=/autonexus/public PATH=/admin/admin-viewinvoices/show
2026-01-30T12:22:58+05:30 M=GET ORIG=/autonexus/admin/admin-viewinvoices/show?id=3 BASE=/autonexus SCRIPT_BASE=/autonexus/public PATH=/admin/admin-viewinvoices/show
2026-01-30T12:22:58+05:30 M=GET ORIG=/autonexus/admin/admin-viewinvoices/show?id=3 BASE=/autonexus SCRIPT_BASE=/autonexus/public PATH=/admin/admin-viewinvoices/show
2026-01-30T12:22:58+05:30 M=GET ORIG=/autonexus/admin/admin-viewinvoices/show?id=3 BASE=/autonexus SCRIPT_BASE=/autonexus/public PATH=/admin/admin-viewinvoices/show
2026-01-30T12:23:01+05:30 M=GET ORIG=/autonexus/admin/admin-viewinvoices/download?id=3 BASE=/autonexus SCRIPT_BASE=/autonexus/public PATH=/admin/admin-viewinvoices/download
2026-01-30T12:23:55+05:30 M=GET ORIG=/autonexus/admin/admin-viewinvoices/show?id=3 BASE=/autonexus SCRIPT_BASE=/autonexus/public PATH=/admin/admin-viewinvoices/show
2026-01-30T12:23:56+05:30 M=GET ORIG=/autonexus/admin/admin-viewinvoices BASE=/autonexus SCRIPT_BASE=/autonexus/public PATH=/admin/admin-viewinvoices
2026-01-30T12:23:58+05:30 M=GET ORIG=/autonexus/admin/admin-viewinvoices BASE=/autonexus SCRIPT_BASE=/autonexus/public PATH=/admin/admin-viewinvoices
2026-01-30T12:23:59+05:30 M=GET ORIG=/autonexus/admin/admin-viewinvoices BASE=/autonexus SCRIPT_BASE=/autonexus/public PATH=/admin/admin-viewinvoices
2026-01-30T12:24:01+05:30 M=GET ORIG=/autonexus/admin/admin-viewinvoices/download?id=3 BASE=/autonexus SCRIPT_BASE=/autonexus/public PATH=/admin/admin-viewinvoices/download
2026-01-30T12:24:17+05:30 M=GET ORIG=/autonexus/admin/admin-viewinvoices/download?id=2 BASE=/autonexus SCRIPT_BASE=/autonexus/public PATH=/admin/admin-viewinvoices/download
2026-03-04T11:47:35+05:30 M=GET ORIG=/autonexus/supervisor/dashboard BASE=/autonexus SCRIPT_BASE=/autonexus/public PATH=/supervisor/dashboard
2026-03-04T11:47:58+05:30 M=GET ORIG=/autonexus/supervisor/workorders BASE=/autonexus SCRIPT_BASE=/autonexus/public PATH=/supervisor/workorders
2026-03-04T11:48:07+05:30 M=GET ORIG=/autonexus/supervisor/assignedjobs BASE=/autonexus SCRIPT_BASE=/autonexus/public PATH=/supervisor/assignedjobs
2026-03-04T11:48:09+05:30 M=GET ORIG=/autonexus/supervisor/coordination BASE=/autonexus SCRIPT_BASE=/autonexus/public PATH=/supervisor/coordination
2026-03-04T11:48:24+05:30 M=GET ORIG=/autonexus/supervisor/coordination BASE=/autonexus SCRIPT_BASE=/autonexus/public PATH=/supervisor/coordination
2026-03-04T11:48:26+05:30 M=GET ORIG=/autonexus/supervisor/complaints_feedbacks BASE=/autonexus SCRIPT_BASE=/autonexus/public PATH=/supervisor/complaints_feedbacks
2026-03-04T11:48:31+05:30 M=GET ORIG=/autonexus/supervisor/reports BASE=/autonexus SCRIPT_BASE=/autonexus/public PATH=/supervisor/reports
2026-03-04T11:48:37+05:30 M=GET ORIG=/autonexus/supervisor/complaints_feedbacks BASE=/autonexus SCRIPT_BASE=/autonexus/public PATH=/supervisor/complaints_feedbacks
2026-03-04T11:48:54+05:30 M=GET ORIG=/autonexus/supervisor/profile/edit BASE=/autonexus SCRIPT_BASE=/autonexus/public PATH=/supervisor/profile/edit
2026-03-04T11:49:00+05:30 M=GET ORIG=/autonexus/supervisor/complaints_feedbacks BASE=/autonexus SCRIPT_BASE=/autonexus/public PATH=/supervisor/complaints_feedbacks
2026-03-04T11:49:01+05:30 M=GET ORIG=/autonexus/supervisor/dashboard BASE=/autonexus SCRIPT_BASE=/autonexus/public PATH=/supervisor/dashboard
2026-03-04T11:52:55+05:30 M=GET ORIG=/autonexus/logout BASE=/autonexus SCRIPT_BASE=/autonexus/public PATH=/logout
2026-03-04T11:52:55+05:30 M=GET ORIG=/autonexus/login BASE=/autonexus SCRIPT_BASE=/autonexus/public PATH=/login
2026-03-04T11:53:03+05:30 M=POST ORIG=/autonexus/login BASE=/autonexus SCRIPT_BASE=/autonexus/public PATH=/login
2026-03-04T11:53:03+05:30 M=GET ORIG=/autonexus/mechanic/dashboard BASE=/autonexus SCRIPT_BASE=/autonexus/public PATH=/mechanic/dashboard
2026-03-04T11:53:29+05:30 M=GET ORIG=/autonexus/mechanic/profile/edit BASE=/autonexus SCRIPT_BASE=/autonexus/public PATH=/mechanic/profile/edit
2026-03-04T11:53:31+05:30 M=GET ORIG=/autonexus/mechanic/history BASE=/autonexus SCRIPT_BASE=/autonexus/public PATH=/mechanic/history
2026-03-04T11:53:33+05:30 M=GET ORIG=/autonexus/mechanic/assignedjobs BASE=/autonexus SCRIPT_BASE=/autonexus/public PATH=/mechanic/assignedjobs
2026-03-04T12:04:49+05:30 M=GET ORIG=/autonexus/mechanic/assignedjobs BASE=/autonexus SCRIPT_BASE=/autonexus/public PATH=/mechanic/assignedjobs
2026-03-04T12:05:15+05:30 M=GET ORIG=/autonexus/mechanic/assignedjobs BASE=/autonexus SCRIPT_BASE=/autonexus/public PATH=/mechanic/assignedjobs
2026-03-04T12:05:27+05:30 M=GET ORIG=/autonexus/logout BASE=/autonexus SCRIPT_BASE=/autonexus/public PATH=/logout
2026-03-04T12:05:27+05:30 M=GET ORIG=/autonexus/login BASE=/autonexus SCRIPT_BASE=/autonexus/public PATH=/login
2026-03-04T12:05:52+05:30 M=POST ORIG=/autonexus/login BASE=/autonexus SCRIPT_BASE=/autonexus/public PATH=/login
2026-03-04T12:05:52+05:30 M=GET ORIG=/autonexus/supervisor/dashboard BASE=/autonexus SCRIPT_BASE=/autonexus/public PATH=/supervisor/dashboard
2026-03-04T12:05:56+05:30 M=GET ORIG=/autonexus/supervisor/dashboard BASE=/autonexus SCRIPT_BASE=/autonexus/public PATH=/supervisor/dashboard
2026-03-04T12:06:17+05:30 M=GET ORIG=/autonexus/supervisor/workorders BASE=/autonexus SCRIPT_BASE=/autonexus/public PATH=/supervisor/workorders
2026-03-04T12:06:20+05:30 M=GET ORIG=/autonexus/supervisor/workorders BASE=/autonexus SCRIPT_BASE=/autonexus/public PATH=/supervisor/workorders
2026-03-04T12:06:40+05:30 M=GET ORIG=/autonexus/supervisor/workorders/create BASE=/autonexus SCRIPT_BASE=/autonexus/public PATH=/supervisor/workorders/create
2026-03-04T12:06:47+05:30 M=GET ORIG=/autonexus/login BASE=/autonexus SCRIPT_BASE=/autonexus/public PATH=/login
2026-03-04T12:07:00+05:30 M=POST ORIG=/autonexus/login BASE=/autonexus SCRIPT_BASE=/autonexus/public PATH=/login
2026-03-04T12:07:01+05:30 M=GET ORIG=/autonexus/customer/home BASE=/autonexus SCRIPT_BASE=/autonexus/public PATH=/customer/home
2026-03-04T12:07:01+05:30 M=GET ORIG=/autonexus/assets/img/logo.jpg BASE=/autonexus SCRIPT_BASE=/autonexus/public PATH=/assets/img/logo.jpg
2026-03-04T12:07:03+05:30 M=GET ORIG=/autonexus/customer/dashboard BASE=/autonexus SCRIPT_BASE=/autonexus/public PATH=/customer/dashboard
2026-03-04T12:07:09+05:30 M=GET ORIG=/autonexus/customer/home BASE=/autonexus SCRIPT_BASE=/autonexus/public PATH=/customer/home
2026-03-04T12:07:09+05:30 M=GET ORIG=/autonexus/assets/img/logo.jpg BASE=/autonexus SCRIPT_BASE=/autonexus/public PATH=/assets/img/logo.jpg
2026-03-04T12:07:12+05:30 M=GET ORIG=/autonexus/customer/book BASE=/autonexus SCRIPT_BASE=/autonexus/public PATH=/customer/book
2026-03-04T12:07:14+05:30 M=GET ORIG=/autonexus/customer/book?branch=BR002 BASE=/autonexus SCRIPT_BASE=/autonexus/public PATH=/customer/book
2026-03-04T12:07:50+05:30 M=POST ORIG=/autonexus/customer/book BASE=/autonexus SCRIPT_BASE=/autonexus/public PATH=/customer/book
2026-03-04T12:07:50+05:30 M=GET ORIG=/autonexus/customer/appointments BASE=/autonexus SCRIPT_BASE=/autonexus/public PATH=/customer/appointments
2026-03-04T12:07:54+05:30 M=GET ORIG=/autonexus/login BASE=/autonexus SCRIPT_BASE=/autonexus/public PATH=/login
2026-03-04T12:07:59+05:30 M=GET ORIG=/autonexus/supervisor/workorders/create BASE=/autonexus SCRIPT_BASE=/autonexus/public PATH=/supervisor/workorders/create
2026-03-04T12:07:59+05:30 M=GET ORIG=/autonexus/login BASE=/autonexus SCRIPT_BASE=/autonexus/public PATH=/login
2026-03-04T12:08:22+05:30 M=POST ORIG=/autonexus/login BASE=/autonexus SCRIPT_BASE=/autonexus/public PATH=/login
2026-03-04T12:08:22+05:30 M=GET ORIG=/autonexus/supervisor/dashboard BASE=/autonexus SCRIPT_BASE=/autonexus/public PATH=/supervisor/dashboard
2026-03-04T12:08:27+05:30 M=GET ORIG=/autonexus/supervisor/workorders/create?appointment_id=25 BASE=/autonexus SCRIPT_BASE=/autonexus/public PATH=/supervisor/workorders/create
2026-03-04T12:09:09+05:30 M=POST ORIG=/autonexus/supervisor/workorders BASE=/autonexus SCRIPT_BASE=/autonexus/public PATH=/supervisor/workorders
2026-03-04T12:09:18+05:30 M=GET ORIG=/autonexus/supervisor/workorders/create?appointment_id=25 BASE=/autonexus SCRIPT_BASE=/autonexus/public PATH=/supervisor/workorders/create
2026-03-04T12:09:23+05:30 M=POST ORIG=/autonexus/supervisor/workorders BASE=/autonexus SCRIPT_BASE=/autonexus/public PATH=/supervisor/workorders
2026-03-04T12:09:23+05:30 M=GET ORIG=/autonexus/supervisor/workorders BASE=/autonexus SCRIPT_BASE=/autonexus/public PATH=/supervisor/workorders
2026-03-04T12:09:52+05:30 M=GET ORIG=/autonexus/supervisor/workorders/38 BASE=/autonexus SCRIPT_BASE=/autonexus/public PATH=/supervisor/workorders/38
2026-03-04T12:09:54+05:30 M=GET ORIG=/autonexus/supervisor/workorders BASE=/autonexus SCRIPT_BASE=/autonexus/public PATH=/supervisor/workorders
2026-03-04T12:09:57+05:30 M=GET ORIG=/autonexus/supervisor/workorders/38/edit BASE=/autonexus SCRIPT_BASE=/autonexus/public PATH=/supervisor/workorders/38/edit
2026-03-04T12:10:10+05:30 M=POST ORIG=/autonexus/supervisor/workorders/38 BASE=/autonexus SCRIPT_BASE=/autonexus/public PATH=/supervisor/workorders/38
2026-03-04T12:10:27+05:30 M=GET ORIG=/autonexus/supervisor/workorders/38/edit BASE=/autonexus SCRIPT_BASE=/autonexus/public PATH=/supervisor/workorders/38/edit
2026-03-04T12:10:32+05:30 M=POST ORIG=/autonexus/supervisor/workorders/38 BASE=/autonexus SCRIPT_BASE=/autonexus/public PATH=/supervisor/workorders/38
2026-03-04T12:10:35+05:30 M=GET ORIG=/autonexus/supervisor/workorders/38/edit BASE=/autonexus SCRIPT_BASE=/autonexus/public PATH=/supervisor/workorders/38/edit
2026-03-04T12:10:50+05:30 M=POST ORIG=/autonexus/supervisor/workorders/38 BASE=/autonexus SCRIPT_BASE=/autonexus/public PATH=/supervisor/workorders/38
2026-03-04T12:16:05+05:30 M=POST ORIG=/autonexus/supervisor/workorders/38 BASE=/autonexus SCRIPT_BASE=/autonexus/public PATH=/supervisor/workorders/38
2026-03-04T12:16:09+05:30 M=GET ORIG=/autonexus/supervisor/workorders/38/edit BASE=/autonexus SCRIPT_BASE=/autonexus/public PATH=/supervisor/workorders/38/edit
2026-03-04T12:16:12+05:30 M=GET ORIG=/autonexus/supervisor/workorders BASE=/autonexus SCRIPT_BASE=/autonexus/public PATH=/supervisor/workorders
2026-03-04T12:16:14+05:30 M=GET ORIG=/autonexus/supervisor/workorders BASE=/autonexus SCRIPT_BASE=/autonexus/public PATH=/supervisor/workorders
2026-03-04T12:16:16+05:30 M=GET ORIG=/autonexus/supervisor/workorders/35/edit BASE=/autonexus SCRIPT_BASE=/autonexus/public PATH=/supervisor/workorders/35/edit
2026-03-04T12:16:25+05:30 M=POST ORIG=/autonexus/supervisor/workorders/35 BASE=/autonexus SCRIPT_BASE=/autonexus/public PATH=/supervisor/workorders/35
2026-03-04T12:16:29+05:30 M=GET ORIG=/autonexus/supervisor/workorders/35/edit BASE=/autonexus SCRIPT_BASE=/autonexus/public PATH=/supervisor/workorders/35/edit
2026-03-04T12:16:38+05:30 M=POST ORIG=/autonexus/supervisor/workorders/35 BASE=/autonexus SCRIPT_BASE=/autonexus/public PATH=/supervisor/workorders/35
2026-03-04T12:16:41+05:30 M=GET ORIG=/autonexus/supervisor/workorders/35/edit BASE=/autonexus SCRIPT_BASE=/autonexus/public PATH=/supervisor/workorders/35/edit
2026-03-04T12:16:47+05:30 M=POST ORIG=/autonexus/supervisor/workorders/35 BASE=/autonexus SCRIPT_BASE=/autonexus/public PATH=/supervisor/workorders/35
2026-03-04T12:16:50+05:30 M=GET ORIG=/autonexus/supervisor/workorders/35/edit BASE=/autonexus SCRIPT_BASE=/autonexus/public PATH=/supervisor/workorders/35/edit
2026-03-04T12:16:55+05:30 M=GET ORIG=/autonexus/supervisor/workorders BASE=/autonexus SCRIPT_BASE=/autonexus/public PATH=/supervisor/workorders
2026-03-04T12:17:00+05:30 M=GET ORIG=/autonexus/supervisor/workorders/35/edit BASE=/autonexus SCRIPT_BASE=/autonexus/public PATH=/supervisor/workorders/35/edit
2026-03-04T12:17:08+05:30 M=POST ORIG=/autonexus/supervisor/workorders/35 BASE=/autonexus SCRIPT_BASE=/autonexus/public PATH=/supervisor/workorders/35
2026-03-04T12:17:16+05:30 M=GET ORIG=/autonexus/supervisor/workorders/35/edit BASE=/autonexus SCRIPT_BASE=/autonexus/public PATH=/supervisor/workorders/35/edit
2026-03-04T12:17:19+05:30 M=GET ORIG=/autonexus/supervisor/workorders BASE=/autonexus SCRIPT_BASE=/autonexus/public PATH=/supervisor/workorders
2026-03-04T12:17:21+05:30 M=GET ORIG=/autonexus/supervisor/workorders BASE=/autonexus SCRIPT_BASE=/autonexus/public PATH=/supervisor/workorders
2026-03-04T12:17:22+05:30 M=GET ORIG=/autonexus/supervisor/workorders BASE=/autonexus SCRIPT_BASE=/autonexus/public PATH=/supervisor/workorders
2026-03-04T12:17:22+05:30 M=GET ORIG=/autonexus/supervisor/workorders BASE=/autonexus SCRIPT_BASE=/autonexus/public PATH=/supervisor/workorders
2026-03-04T12:17:22+05:30 M=GET ORIG=/autonexus/supervisor/workorders BASE=/autonexus SCRIPT_BASE=/autonexus/public PATH=/supervisor/workorders
2026-03-04T12:17:22+05:30 M=GET ORIG=/autonexus/supervisor/workorders BASE=/autonexus SCRIPT_BASE=/autonexus/public PATH=/supervisor/workorders
2026-03-04T12:17:25+05:30 M=GET ORIG=/autonexus/supervisor/workorders BASE=/autonexus SCRIPT_BASE=/autonexus/public PATH=/supervisor/workorders
2026-03-04T12:17:25+05:30 M=GET ORIG=/autonexus/supervisor/workorders BASE=/autonexus SCRIPT_BASE=/autonexus/public PATH=/supervisor/workorders
2026-03-04T12:17:26+05:30 M=GET ORIG=/autonexus/supervisor/workorders BASE=/autonexus SCRIPT_BASE=/autonexus/public PATH=/supervisor/workorders
2026-03-04T12:17:26+05:30 M=GET ORIG=/autonexus/supervisor/workorders BASE=/autonexus SCRIPT_BASE=/autonexus/public PATH=/supervisor/workorders
2026-03-04T12:17:26+05:30 M=GET ORIG=/autonexus/supervisor/workorders BASE=/autonexus SCRIPT_BASE=/autonexus/public PATH=/supervisor/workorders
2026-03-04T12:17:29+05:30 M=GET ORIG=/autonexus/supervisor/workorders BASE=/autonexus SCRIPT_BASE=/autonexus/public PATH=/supervisor/workorders
2026-03-04T12:17:40+05:30 M=POST ORIG=/autonexus/supervisor/workorders/35/delete BASE=/autonexus SCRIPT_BASE=/autonexus/public PATH=/supervisor/workorders/35/delete
2026-03-04T12:17:44+05:30 M=GET ORIG=/autonexus/supervisor/workorders BASE=/autonexus SCRIPT_BASE=/autonexus/public PATH=/supervisor/workorders
2026-03-04T12:18:28+05:30 M=GET ORIG=/autonexus/supervisor/workorders BASE=/autonexus SCRIPT_BASE=/autonexus/public PATH=/supervisor/workorders
2026-03-04T12:18:34+05:30 M=GET ORIG=/autonexus/supervisor/workorders BASE=/autonexus SCRIPT_BASE=/autonexus/public PATH=/supervisor/workorders
2026-03-04T12:18:37+05:30 M=GET ORIG=/autonexus/supervisor/workorders BASE=/autonexus SCRIPT_BASE=/autonexus/public PATH=/supervisor/workorders
2026-03-04T12:18:38+05:30 M=GET ORIG=/autonexus/supervisor/workorders BASE=/autonexus SCRIPT_BASE=/autonexus/public PATH=/supervisor/workorders
2026-03-04T12:18:38+05:30 M=GET ORIG=/autonexus/supervisor/workorders BASE=/autonexus SCRIPT_BASE=/autonexus/public PATH=/supervisor/workorders
2026-03-04T12:18:56+05:30 M=GET ORIG=/autonexus/supervisor/assignedjobs BASE=/autonexus SCRIPT_BASE=/autonexus/public PATH=/supervisor/assignedjobs
2026-03-04T12:19:00+05:30 M=GET ORIG=/autonexus/supervisor/workorders BASE=/autonexus SCRIPT_BASE=/autonexus/public PATH=/supervisor/workorders
2026-03-04T12:19:13+05:30 M=GET ORIG=/autonexus/supervisor/workorders/34 BASE=/autonexus SCRIPT_BASE=/autonexus/public PATH=/supervisor/workorders/34
2026-03-04T12:19:15+05:30 M=GET ORIG=/autonexus/supervisor/workorders BASE=/autonexus SCRIPT_BASE=/autonexus/public PATH=/supervisor/workorders
2026-03-04T12:19:27+05:30 M=POST ORIG=/autonexus/supervisor/workorders/36/delete BASE=/autonexus SCRIPT_BASE=/autonexus/public PATH=/supervisor/workorders/36/delete
2026-03-04T12:19:35+05:30 M=GET ORIG=/autonexus/login BASE=/autonexus SCRIPT_BASE=/autonexus/public PATH=/login
2026-03-04T12:20:03+05:30 M=POST ORIG=/autonexus/login BASE=/autonexus SCRIPT_BASE=/autonexus/public PATH=/login
2026-03-04T12:20:04+05:30 M=GET ORIG=/autonexus/supervisor/dashboard BASE=/autonexus SCRIPT_BASE=/autonexus/public PATH=/supervisor/dashboard
2026-03-04T12:20:31+05:30 M=GET ORIG=/autonexus/supervisor/workorders/38 BASE=/autonexus SCRIPT_BASE=/autonexus/public PATH=/supervisor/workorders/38
2026-03-04T12:20:33+05:30 M=GET ORIG=/autonexus/supervisor/workorders BASE=/autonexus SCRIPT_BASE=/autonexus/public PATH=/supervisor/workorders
2026-03-04T12:20:38+05:30 M=GET ORIG=/autonexus/supervisor/workorders BASE=/autonexus SCRIPT_BASE=/autonexus/public PATH=/supervisor/workorders
2026-03-04T12:20:41+05:30 M=GET ORIG=/autonexus/supervisor/workorders BASE=/autonexus SCRIPT_BASE=/autonexus/public PATH=/supervisor/workorders
2026-03-04T12:20:41+05:30 M=GET ORIG=/autonexus/supervisor/workorders BASE=/autonexus SCRIPT_BASE=/autonexus/public PATH=/supervisor/workorders
2026-03-04T12:20:42+05:30 M=GET ORIG=/autonexus/supervisor/workorders BASE=/autonexus SCRIPT_BASE=/autonexus/public PATH=/supervisor/workorders
2026-03-04T12:20:42+05:30 M=GET ORIG=/autonexus/supervisor/workorders BASE=/autonexus SCRIPT_BASE=/autonexus/public PATH=/supervisor/workorders
2026-03-04T12:20:42+05:30 M=GET ORIG=/autonexus/supervisor/workorders BASE=/autonexus SCRIPT_BASE=/autonexus/public PATH=/supervisor/workorders
2026-03-04T12:21:43+05:30 M=GET ORIG=/autonexus/supervisor/workorders BASE=/autonexus SCRIPT_BASE=/autonexus/public PATH=/supervisor/workorders
2026-03-04T12:25:48+05:30 M=GET ORIG=/autonexus/supervisor/workorders/create BASE=/autonexus SCRIPT_BASE=/autonexus/public PATH=/supervisor/workorders/create
2026-03-04T12:25:53+05:30 M=GET ORIG=/autonexus/supervisor/workorders BASE=/autonexus SCRIPT_BASE=/autonexus/public PATH=/supervisor/workorders
2026-03-04T12:27:55+05:30 M=GET ORIG=/autonexus/supervisor/workorders/create BASE=/autonexus SCRIPT_BASE=/autonexus/public PATH=/supervisor/workorders/create
2026-03-04T12:29:40+05:30 M=GET ORIG=/autonexus/supervisor/workorders BASE=/autonexus SCRIPT_BASE=/autonexus/public PATH=/supervisor/workorders
2026-03-04T12:30:38+05:30 M=GET ORIG=/autonexus/supervisor/workorders BASE=/autonexus SCRIPT_BASE=/autonexus/public PATH=/supervisor/workorders
2026-03-04T12:30:48+05:30 M=GET ORIG=/autonexus/supervisor/workorders BASE=/autonexus SCRIPT_BASE=/autonexus/public PATH=/supervisor/workorders
2026-03-04T12:30:49+05:30 M=GET ORIG=/autonexus/supervisor/workorders BASE=/autonexus SCRIPT_BASE=/autonexus/public PATH=/supervisor/workorders
2026-03-04T12:32:27+05:30 M=GET ORIG=/autonexus/supervisor/workorders BASE=/autonexus SCRIPT_BASE=/autonexus/public PATH=/supervisor/workorders
2026-03-04T12:32:41+05:30 M=GET ORIG=/autonexus/login BASE=/autonexus SCRIPT_BASE=/autonexus/public PATH=/login
2026-03-04T12:32:55+05:30 M=POST ORIG=/autonexus/login BASE=/autonexus SCRIPT_BASE=/autonexus/public PATH=/login
2026-03-04T12:32:55+05:30 M=GET ORIG=/autonexus/customer/home BASE=/autonexus SCRIPT_BASE=/autonexus/public PATH=/customer/home
2026-03-04T12:32:56+05:30 M=GET ORIG=/autonexus/assets/img/logo.jpg BASE=/autonexus SCRIPT_BASE=/autonexus/public PATH=/assets/img/logo.jpg
2026-03-04T12:32:58+05:30 M=GET ORIG=/autonexus/customer/dashboard BASE=/autonexus SCRIPT_BASE=/autonexus/public PATH=/customer/dashboard
2026-03-04T12:33:07+05:30 M=GET ORIG=/autonexus/customer/dashboard BASE=/autonexus SCRIPT_BASE=/autonexus/public PATH=/customer/dashboard
2026-03-04T12:33:09+05:30 M=GET ORIG=/autonexus/customer/home BASE=/autonexus SCRIPT_BASE=/autonexus/public PATH=/customer/home
2026-03-04T12:33:09+05:30 M=GET ORIG=/autonexus/assets/img/logo.jpg BASE=/autonexus SCRIPT_BASE=/autonexus/public PATH=/assets/img/logo.jpg
2026-03-04T12:33:15+05:30 M=GET ORIG=/autonexus/customer/book BASE=/autonexus SCRIPT_BASE=/autonexus/public PATH=/customer/book
2026-03-04T12:33:19+05:30 M=GET ORIG=/autonexus/customer/book?branch=BR002 BASE=/autonexus SCRIPT_BASE=/autonexus/public PATH=/customer/book
2026-03-04T12:33:34+05:30 M=POST ORIG=/autonexus/customer/book BASE=/autonexus SCRIPT_BASE=/autonexus/public PATH=/customer/book
2026-03-04T12:33:34+05:30 M=GET ORIG=/autonexus/customer/appointments BASE=/autonexus SCRIPT_BASE=/autonexus/public PATH=/customer/appointments
2026-03-04T12:33:41+05:30 M=GET ORIG=/autonexus/supervisor/workorders BASE=/autonexus SCRIPT_BASE=/autonexus/public PATH=/supervisor/workorders
2026-03-04T12:33:41+05:30 M=GET ORIG=/autonexus/login BASE=/autonexus SCRIPT_BASE=/autonexus/public PATH=/login
2026-03-04T12:33:59+05:30 M=POST ORIG=/autonexus/login BASE=/autonexus SCRIPT_BASE=/autonexus/public PATH=/login
2026-03-04T12:33:59+05:30 M=GET ORIG=/autonexus/supervisor/dashboard BASE=/autonexus SCRIPT_BASE=/autonexus/public PATH=/supervisor/dashboard
2026-03-04T12:34:10+05:30 M=GET ORIG=/autonexus/supervisor/workorders/create?appointment_id=25 BASE=/autonexus SCRIPT_BASE=/autonexus/public PATH=/supervisor/workorders/create
2026-03-04T12:34:14+05:30 M=GET ORIG=/autonexus/supervisor/dashboard BASE=/autonexus SCRIPT_BASE=/autonexus/public PATH=/supervisor/dashboard
2026-03-04T12:34:25+05:30 M=GET ORIG=/autonexus/supervisor/workorders/create?appointment_id=26 BASE=/autonexus SCRIPT_BASE=/autonexus/public PATH=/supervisor/workorders/create
2026-03-04T12:34:39+05:30 M=POST ORIG=/autonexus/supervisor/workorders BASE=/autonexus SCRIPT_BASE=/autonexus/public PATH=/supervisor/workorders
2026-03-04T12:40:58+05:30 M=GET ORIG=/autonexus/supervisor/workorders/create?appointment_id=26 BASE=/autonexus SCRIPT_BASE=/autonexus/public PATH=/supervisor/workorders/create
2026-03-04T12:40:59+05:30 M=GET ORIG=/autonexus/supervisor/workorders/create?appointment_id=26 BASE=/autonexus SCRIPT_BASE=/autonexus/public PATH=/supervisor/workorders/create
2026-03-04T12:41:02+05:30 M=GET ORIG=/autonexus/supervisor/workorders BASE=/autonexus SCRIPT_BASE=/autonexus/public PATH=/supervisor/workorders
2026-03-04T12:41:05+05:30 M=POST ORIG=/autonexus/supervisor/workorders/39/delete BASE=/autonexus SCRIPT_BASE=/autonexus/public PATH=/supervisor/workorders/39/delete
2026-03-04T12:41:06+05:30 M=GET ORIG=/autonexus/supervisor/workorders BASE=/autonexus SCRIPT_BASE=/autonexus/public PATH=/supervisor/workorders
2026-03-04T12:41:08+05:30 M=GET ORIG=/autonexus/supervisor/workorders/create BASE=/autonexus SCRIPT_BASE=/autonexus/public PATH=/supervisor/workorders/create
2026-03-04T12:41:33+05:30 M=GET ORIG=/autonexus/supervisor/workorders BASE=/autonexus SCRIPT_BASE=/autonexus/public PATH=/supervisor/workorders
2026-03-04T12:41:36+05:30 M=GET ORIG=/autonexus/supervisor/workorders/create BASE=/autonexus SCRIPT_BASE=/autonexus/public PATH=/supervisor/workorders/create
2026-03-04T12:42:08+05:30 M=GET ORIG=/autonexus/supervisor/dashboard BASE=/autonexus SCRIPT_BASE=/autonexus/public PATH=/supervisor/dashboard
2026-03-04T12:42:10+05:30 M=GET ORIG=/autonexus/supervisor/dashboard BASE=/autonexus SCRIPT_BASE=/autonexus/public PATH=/supervisor/dashboard
2026-03-04T12:42:21+05:30 M=GET ORIG=/autonexus/supervisor/workorders/create?appointment_id=26 BASE=/autonexus SCRIPT_BASE=/autonexus/public PATH=/supervisor/workorders/create
2026-03-04T12:42:27+05:30 M=POST ORIG=/autonexus/supervisor/workorders BASE=/autonexus SCRIPT_BASE=/autonexus/public PATH=/supervisor/workorders
2026-03-04T12:42:27+05:30 M=GET ORIG=/autonexus/supervisor/workorders BASE=/autonexus SCRIPT_BASE=/autonexus/public PATH=/supervisor/workorders
2026-03-04T12:42:29+05:30 M=GET ORIG=/autonexus/supervisor/workorders/40/edit BASE=/autonexus SCRIPT_BASE=/autonexus/public PATH=/supervisor/workorders/40/edit
2026-03-04T12:42:35+05:30 M=POST ORIG=/autonexus/supervisor/workorders/40 BASE=/autonexus SCRIPT_BASE=/autonexus/public PATH=/supervisor/workorders/40
2026-03-04T12:42:35+05:30 M=GET ORIG=/autonexus/supervisor/workorders BASE=/autonexus SCRIPT_BASE=/autonexus/public PATH=/supervisor/workorders
2026-03-04T12:42:53+05:30 M=GET ORIG=/autonexus/supervisor/workorders/40/edit BASE=/autonexus SCRIPT_BASE=/autonexus/public PATH=/supervisor/workorders/40/edit
2026-03-04T12:43:08+05:30 M=POST ORIG=/autonexus/supervisor/workorders/40 BASE=/autonexus SCRIPT_BASE=/autonexus/public PATH=/supervisor/workorders/40
2026-03-04T12:43:08+05:30 M=GET ORIG=/autonexus/supervisor/workorders BASE=/autonexus SCRIPT_BASE=/autonexus/public PATH=/supervisor/workorders
2026-03-04T12:43:18+05:30 M=GET ORIG=/autonexus/supervisor/dashboard BASE=/autonexus SCRIPT_BASE=/autonexus/public PATH=/supervisor/dashboard
2026-03-04T12:43:26+05:30 M=GET ORIG=/autonexus/supervisor/dashboard BASE=/autonexus SCRIPT_BASE=/autonexus/public PATH=/supervisor/dashboard
2026-03-04T12:43:36+05:30 M=GET ORIG=/autonexus/supervisor/workorders/create?appointment_id=25 BASE=/autonexus SCRIPT_BASE=/autonexus/public PATH=/supervisor/workorders/create
2026-03-04T12:43:49+05:30 M=POST ORIG=/autonexus/supervisor/workorders BASE=/autonexus SCRIPT_BASE=/autonexus/public PATH=/supervisor/workorders
2026-03-04T12:43:49+05:30 M=GET ORIG=/autonexus/supervisor/workorders BASE=/autonexus SCRIPT_BASE=/autonexus/public PATH=/supervisor/workorders
2026-03-04T12:44:03+05:30 M=GET ORIG=/autonexus/supervisor/coordination BASE=/autonexus SCRIPT_BASE=/autonexus/public PATH=/supervisor/coordination
2026-03-04T12:44:28+05:30 M=GET ORIG=/autonexus/login BASE=/autonexus SCRIPT_BASE=/autonexus/public PATH=/login
2026-03-04T12:44:39+05:30 M=POST ORIG=/autonexus/login BASE=/autonexus SCRIPT_BASE=/autonexus/public PATH=/login
2026-03-04T12:44:40+05:30 M=GET ORIG=/autonexus/mechanic/dashboard BASE=/autonexus SCRIPT_BASE=/autonexus/public PATH=/mechanic/dashboard
2026-03-04T12:44:43+05:30 M=GET ORIG=/autonexus/mechanic/jobs BASE=/autonexus SCRIPT_BASE=/autonexus/public PATH=/mechanic/jobs
2026-03-04T12:44:45+05:30 M=GET ORIG=/autonexus/mechanic/assignedjobs BASE=/autonexus SCRIPT_BASE=/autonexus/public PATH=/mechanic/assignedjobs
2026-03-04T12:46:24+05:30 M=GET ORIG=/autonexus/mechanic/jobs BASE=/autonexus SCRIPT_BASE=/autonexus/public PATH=/mechanic/jobs
2026-03-04T12:46:36+05:30 M=GET ORIG=/autonexus/mechanic/jobs/view/40 BASE=/autonexus SCRIPT_BASE=/autonexus/public PATH=/mechanic/jobs/view/40
2026-03-04T12:46:45+05:30 M=GET ORIG=/autonexus/mechanic/jobs BASE=/autonexus SCRIPT_BASE=/autonexus/public PATH=/mechanic/jobs
2026-03-04T12:46:47+05:30 M=GET ORIG=/autonexus/mechanic/jobs/view/41 BASE=/autonexus SCRIPT_BASE=/autonexus/public PATH=/mechanic/jobs/view/41
2026-03-04T12:46:49+05:30 M=GET ORIG=/autonexus/mechanic/jobs BASE=/autonexus SCRIPT_BASE=/autonexus/public PATH=/mechanic/jobs
2026-03-04T12:47:36+05:30 M=GET ORIG=/autonexus/mechanic/jobs/view/40 BASE=/autonexus SCRIPT_BASE=/autonexus/public PATH=/mechanic/jobs/view/40
2026-03-04T12:49:15+05:30 M=GET ORIG=/autonexus/mechanic/jobs/view/40 BASE=/autonexus SCRIPT_BASE=/autonexus/public PATH=/mechanic/jobs/view/40
2026-03-04T12:49:18+05:30 M=GET ORIG=/autonexus/mechanic/jobs BASE=/autonexus SCRIPT_BASE=/autonexus/public PATH=/mechanic/jobs
2026-03-04T12:49:20+05:30 M=GET ORIG=/autonexus/mechanic/jobs/view/40 BASE=/autonexus SCRIPT_BASE=/autonexus/public PATH=/mechanic/jobs/view/40
2026-03-04T12:49:23+05:30 M=GET ORIG=/autonexus/mechanic/jobs BASE=/autonexus SCRIPT_BASE=/autonexus/public PATH=/mechanic/jobs
2026-03-04T12:49:29+05:30 M=GET ORIG=/autonexus/mechanic/assignedjobs BASE=/autonexus SCRIPT_BASE=/autonexus/public PATH=/mechanic/assignedjobs
2026-03-04T12:49:31+05:30 M=GET ORIG=/autonexus/mechanic/assignedjobs BASE=/autonexus SCRIPT_BASE=/autonexus/public PATH=/mechanic/assignedjobs
2026-03-04T12:49:33+05:30 M=GET ORIG=/autonexus/mechanic/assignedjobs BASE=/autonexus SCRIPT_BASE=/autonexus/public PATH=/mechanic/assignedjobs
2026-03-04T12:49:33+05:30 M=GET ORIG=/autonexus/mechanic/assignedjobs BASE=/autonexus SCRIPT_BASE=/autonexus/public PATH=/mechanic/assignedjobs
2026-03-04T12:49:33+05:30 M=GET ORIG=/autonexus/mechanic/assignedjobs BASE=/autonexus SCRIPT_BASE=/autonexus/public PATH=/mechanic/assignedjobs
2026-03-04T12:51:09+05:30 M=GET ORIG=/autonexus/supervisor/workorders BASE=/autonexus SCRIPT_BASE=/autonexus/public PATH=/supervisor/workorders
2026-03-04T12:51:13+05:30 M=GET ORIG=/autonexus/supervisor/workorders/41/edit BASE=/autonexus SCRIPT_BASE=/autonexus/public PATH=/supervisor/workorders/41/edit
2026-03-04T12:51:20+05:30 M=POST ORIG=/autonexus/supervisor/workorders/41 BASE=/autonexus SCRIPT_BASE=/autonexus/public PATH=/supervisor/workorders/41
2026-03-04T12:51:20+05:30 M=GET ORIG=/autonexus/supervisor/workorders BASE=/autonexus SCRIPT_BASE=/autonexus/public PATH=/supervisor/workorders
2026-03-04T12:51:26+05:30 M=GET ORIG=/autonexus/mechanic/dashboard BASE=/autonexus SCRIPT_BASE=/autonexus/public PATH=/mechanic/dashboard
2026-03-04T12:51:28+05:30 M=GET ORIG=/autonexus/mechanic/assignedjobs BASE=/autonexus SCRIPT_BASE=/autonexus/public PATH=/mechanic/assignedjobs
2026-03-04T12:51:29+05:30 M=GET ORIG=/autonexus/mechanic/assignedjobs BASE=/autonexus SCRIPT_BASE=/autonexus/public PATH=/mechanic/assignedjobs
2026-03-04T12:51:29+05:30 M=GET ORIG=/autonexus/mechanic/assignedjobs BASE=/autonexus SCRIPT_BASE=/autonexus/public PATH=/mechanic/assignedjobs
2026-03-04T12:51:30+05:30 M=GET ORIG=/autonexus/mechanic/assignedjobs BASE=/autonexus SCRIPT_BASE=/autonexus/public PATH=/mechanic/assignedjobs
2026-03-04T12:51:31+05:30 M=GET ORIG=/autonexus/mechanic/jobs BASE=/autonexus SCRIPT_BASE=/autonexus/public PATH=/mechanic/jobs
2026-03-04T13:14:43+05:30 M=POST ORIG=/autonexus/login BASE=/autonexus SCRIPT_BASE=/autonexus/public PATH=/login
2026-03-04T13:14:43+05:30 M=GET ORIG=/autonexus/customer/home BASE=/autonexus SCRIPT_BASE=/autonexus/public PATH=/customer/home
2026-03-04T13:14:43+05:30 M=GET ORIG=/autonexus/assets/img/logo.jpg BASE=/autonexus SCRIPT_BASE=/autonexus/public PATH=/assets/img/logo.jpg
2026-03-04T13:14:45+05:30 M=GET ORIG=/autonexus/customer/dashboard BASE=/autonexus SCRIPT_BASE=/autonexus/public PATH=/customer/dashboard
2026-03-04T13:14:58+05:30 M=GET ORIG=/autonexus/login BASE=/autonexus SCRIPT_BASE=/autonexus/public PATH=/login
2026-03-04T13:15:12+05:30 M=POST ORIG=/autonexus/login BASE=/autonexus SCRIPT_BASE=/autonexus/public PATH=/login
2026-03-04T13:15:13+05:30 M=GET ORIG=/autonexus/admin-dashboard BASE=/autonexus SCRIPT_BASE=/autonexus/public PATH=/admin-dashboard
2026-03-04T13:15:36+05:30 M=GET ORIG=/autonexus/admin/profile BASE=/autonexus SCRIPT_BASE=/autonexus/public PATH=/admin/profile
2026-03-04T13:15:46+05:30 M=GET ORIG=/autonexus/admin-dashboard BASE=/autonexus SCRIPT_BASE=/autonexus/public PATH=/admin-dashboard
2026-03-04T13:16:32+05:30 M=GET ORIG=/autonexus/admin/admin-viewreports BASE=/autonexus SCRIPT_BASE=/autonexus/public PATH=/admin/admin-viewreports
2026-03-04T13:16:36+05:30 M=GET ORIG=/autonexus/admin/admin-viewinvoices BASE=/autonexus SCRIPT_BASE=/autonexus/public PATH=/admin/admin-viewinvoices
2026-03-04T13:16:38+05:30 M=GET ORIG=/autonexus/admin/admin-viewinvoices/create BASE=/autonexus SCRIPT_BASE=/autonexus/public PATH=/admin/admin-viewinvoices/create
2026-03-04T13:16:48+05:30 M=GET ORIG=/autonexus/admin/admin-viewreports BASE=/autonexus SCRIPT_BASE=/autonexus/public PATH=/admin/admin-viewreports
2026-03-04T13:16:49+05:30 M=GET ORIG=/autonexus/admin/admin-viewfeedback BASE=/autonexus SCRIPT_BASE=/autonexus/public PATH=/admin/admin-viewfeedback
2026-03-04T13:16:50+05:30 M=GET ORIG=/autonexus/admin/admin-servicehistory BASE=/autonexus SCRIPT_BASE=/autonexus/public PATH=/admin/admin-servicehistory
2026-03-04T13:17:07+05:30 M=GET ORIG=/autonexus/admin/admin-viewservices BASE=/autonexus SCRIPT_BASE=/autonexus/public PATH=/admin/admin-viewservices
2026-03-04T13:17:12+05:30 M=GET ORIG=/autonexus/admin/admin-updateserviceprice BASE=/autonexus SCRIPT_BASE=/autonexus/public PATH=/admin/admin-updateserviceprice
2026-03-04T13:21:25+05:30 M=GET ORIG=/autonexus/admin/admin-viewreports BASE=/autonexus SCRIPT_BASE=/autonexus/public PATH=/admin/admin-viewreports
2026-03-04T13:21:46+05:30 M=GET ORIG=/autonexus/admin/admin-viewfeedback BASE=/autonexus SCRIPT_BASE=/autonexus/public PATH=/admin/admin-viewfeedback
2026-03-04T13:21:49+05:30 M=GET ORIG=/autonexus/admin/admin-servicehistory BASE=/autonexus SCRIPT_BASE=/autonexus/public PATH=/admin/admin-servicehistory
2026-03-04T13:21:50+05:30 M=GET ORIG=/autonexus/admin/admin-ongoingservices BASE=/autonexus SCRIPT_BASE=/autonexus/public PATH=/admin/admin-ongoingservices
2026-03-04T13:21:52+05:30 M=GET ORIG=/autonexus/admin/admin-appointments BASE=/autonexus SCRIPT_BASE=/autonexus/public PATH=/admin/admin-appointments
2026-03-04T13:21:53+05:30 M=GET ORIG=/autonexus/admin/admin-serviceapproval BASE=/autonexus SCRIPT_BASE=/autonexus/public PATH=/admin/admin-serviceapproval
2026-03-04T13:21:54+05:30 M=GET ORIG=/autonexus/admin/admin-updateserviceprice BASE=/autonexus SCRIPT_BASE=/autonexus/public PATH=/admin/admin-updateserviceprice
2026-03-04T13:21:55+05:30 M=GET ORIG=/autonexus/admin/admin-viewservices BASE=/autonexus SCRIPT_BASE=/autonexus/public PATH=/admin/admin-viewservices
2026-03-04T13:21:56+05:30 M=GET ORIG=/autonexus/admin/branches BASE=/autonexus SCRIPT_BASE=/autonexus/public PATH=/admin/branches
2026-03-04T13:21:58+05:30 M=GET ORIG=/autonexus/admin/customers BASE=/autonexus SCRIPT_BASE=/autonexus/public PATH=/admin/customers
2026-03-04T13:22:07+05:30 M=GET ORIG=/autonexus/logout BASE=/autonexus SCRIPT_BASE=/autonexus/public PATH=/logout
2026-03-04T13:22:07+05:30 M=GET ORIG=/autonexus/login BASE=/autonexus SCRIPT_BASE=/autonexus/public PATH=/login
2026-03-04T13:25:19+05:30 M=POST ORIG=/autonexus/login BASE=/autonexus SCRIPT_BASE=/autonexus/public PATH=/login
2026-03-04T13:25:19+05:30 M=GET ORIG=/autonexus/customer/home BASE=/autonexus SCRIPT_BASE=/autonexus/public PATH=/customer/home
2026-03-04T13:25:20+05:30 M=GET ORIG=/autonexus/assets/img/logo.jpg BASE=/autonexus SCRIPT_BASE=/autonexus/public PATH=/assets/img/logo.jpg
2026-03-04T13:25:27+05:30 M=GET ORIG=/autonexus/customer/dashboard BASE=/autonexus SCRIPT_BASE=/autonexus/public PATH=/customer/dashboard
2026-03-04T13:26:03+05:30 M=GET ORIG=/autonexus/customer/dashboard?lang=si BASE=/autonexus SCRIPT_BASE=/autonexus/public PATH=/customer/dashboard
2026-03-04T13:26:08+05:30 M=GET ORIG=/autonexus/customer/dashboard?lang=ta BASE=/autonexus SCRIPT_BASE=/autonexus/public PATH=/customer/dashboard
2026-03-04T13:26:13+05:30 M=GET ORIG=/autonexus/customer/dashboard?lang=en BASE=/autonexus SCRIPT_BASE=/autonexus/public PATH=/customer/dashboard
2026-03-04T13:26:15+05:30 M=GET ORIG=/autonexus/customer/dashboard?lang=si BASE=/autonexus SCRIPT_BASE=/autonexus/public PATH=/customer/dashboard
2026-03-04T13:26:49+05:30 M=GET ORIG=/autonexus/customer/home BASE=/autonexus SCRIPT_BASE=/autonexus/public PATH=/customer/home
2026-03-04T13:26:49+05:30 M=GET ORIG=/autonexus/assets/img/logo.jpg BASE=/autonexus SCRIPT_BASE=/autonexus/public PATH=/assets/img/logo.jpg
2026-03-04T13:26:51+05:30 M=GET ORIG=/autonexus/customer/book BASE=/autonexus SCRIPT_BASE=/autonexus/public PATH=/customer/book
2026-03-04T13:27:10+05:30 M=GET ORIG=/autonexus/customer/home BASE=/autonexus SCRIPT_BASE=/autonexus/public PATH=/customer/home
2026-03-04T13:27:11+05:30 M=GET ORIG=/autonexus/assets/img/logo.jpg BASE=/autonexus SCRIPT_BASE=/autonexus/public PATH=/assets/img/logo.jpg
2026-03-04T13:27:15+05:30 M=GET ORIG=/autonexus/customer/dashboard BASE=/autonexus SCRIPT_BASE=/autonexus/public PATH=/customer/dashboard
2026-03-04T13:27:24+05:30 M=GET ORIG=/autonexus/customer/dashboard?lang=en BASE=/autonexus SCRIPT_BASE=/autonexus/public PATH=/customer/dashboard
2026-03-04T13:27:26+05:30 M=GET ORIG=/autonexus/customer/dashboard BASE=/autonexus SCRIPT_BASE=/autonexus/public PATH=/customer/dashboard
2026-03-04T13:27:28+05:30 M=GET ORIG=/autonexus/customer/home BASE=/autonexus SCRIPT_BASE=/autonexus/public PATH=/customer/home
2026-03-04T13:27:29+05:30 M=GET ORIG=/autonexus/assets/img/logo.jpg BASE=/autonexus SCRIPT_BASE=/autonexus/public PATH=/assets/img/logo.jpg
2026-03-04T13:27:51+05:30 M=GET ORIG=/autonexus/customer/dashboard BASE=/autonexus SCRIPT_BASE=/autonexus/public PATH=/customer/dashboard
2026-03-04T13:27:56+05:30 M=GET ORIG=/autonexus/customer/home BASE=/autonexus SCRIPT_BASE=/autonexus/public PATH=/customer/home
2026-03-04T13:27:56+05:30 M=GET ORIG=/autonexus/assets/img/logo.jpg BASE=/autonexus SCRIPT_BASE=/autonexus/public PATH=/assets/img/logo.jpg
2026-03-04T13:27:58+05:30 M=GET ORIG=/autonexus/customer/book BASE=/autonexus SCRIPT_BASE=/autonexus/public PATH=/customer/book
2026-03-04T13:28:11+05:30 M=GET ORIG=/autonexus/customer/book?branch=BR002 BASE=/autonexus SCRIPT_BASE=/autonexus/public PATH=/customer/book
2026-03-04T13:28:13+05:30 M=GET ORIG=/autonexus/customer/book BASE=/autonexus SCRIPT_BASE=/autonexus/public PATH=/customer/book
2026-03-04T13:28:15+05:30 M=GET ORIG=/autonexus/customer/home BASE=/autonexus SCRIPT_BASE=/autonexus/public PATH=/customer/home
2026-03-04T13:28:15+05:30 M=GET ORIG=/autonexus/assets/img/logo.jpg BASE=/autonexus SCRIPT_BASE=/autonexus/public PATH=/assets/img/logo.jpg
2026-03-04T13:28:17+05:30 M=GET ORIG=/autonexus/customer/book BASE=/autonexus SCRIPT_BASE=/autonexus/public PATH=/customer/book
2026-03-04T13:28:18+05:30 M=GET ORIG=/autonexus/customer/home BASE=/autonexus SCRIPT_BASE=/autonexus/public PATH=/customer/home
2026-03-04T13:28:18+05:30 M=GET ORIG=/autonexus/assets/img/logo.jpg BASE=/autonexus SCRIPT_BASE=/autonexus/public PATH=/assets/img/logo.jpg
2026-03-04T13:28:19+05:30 M=GET ORIG=/autonexus/customer/dashboard BASE=/autonexus SCRIPT_BASE=/autonexus/public PATH=/customer/dashboard
2026-03-04T13:28:21+05:30 M=GET ORIG=/autonexus/customer/dashboard?lang=si BASE=/autonexus SCRIPT_BASE=/autonexus/public PATH=/customer/dashboard
2026-03-04T13:28:30+05:30 M=GET ORIG=/autonexus/customer/home BASE=/autonexus SCRIPT_BASE=/autonexus/public PATH=/customer/home
2026-03-04T13:28:30+05:30 M=GET ORIG=/autonexus/assets/img/logo.jpg BASE=/autonexus SCRIPT_BASE=/autonexus/public PATH=/assets/img/logo.jpg
2026-03-04T13:28:33+05:30 M=GET ORIG=/autonexus/customer/book BASE=/autonexus SCRIPT_BASE=/autonexus/public PATH=/customer/book
2026-03-04T13:28:35+05:30 M=GET ORIG=/autonexus/customer/book?branch=BR002 BASE=/autonexus SCRIPT_BASE=/autonexus/public PATH=/customer/book
2026-03-04T13:29:20+05:30 M=GET ORIG=/autonexus/customer/book BASE=/autonexus SCRIPT_BASE=/autonexus/public PATH=/customer/book
2026-03-04T13:29:22+05:30 M=GET ORIG=/autonexus/customer/home BASE=/autonexus SCRIPT_BASE=/autonexus/public PATH=/customer/home
2026-03-04T13:29:22+05:30 M=GET ORIG=/autonexus/assets/img/logo.jpg BASE=/autonexus SCRIPT_BASE=/autonexus/public PATH=/assets/img/logo.jpg
2026-03-04T13:29:25+05:30 M=GET ORIG=/autonexus/customer/dashboard BASE=/autonexus SCRIPT_BASE=/autonexus/public PATH=/customer/dashboard
2026-03-04T13:29:26+05:30 M=GET ORIG=/autonexus/customer/dashboard?lang=ta BASE=/autonexus SCRIPT_BASE=/autonexus/public PATH=/customer/dashboard
2026-03-04T13:30:12+05:30 M=GET ORIG=/autonexus/customer/dashboard BASE=/autonexus SCRIPT_BASE=/autonexus/public PATH=/customer/dashboard
2026-03-04T13:30:13+05:30 M=GET ORIG=/autonexus/customer/appointments BASE=/autonexus SCRIPT_BASE=/autonexus/public PATH=/customer/appointments
2026-03-04T13:30:40+05:30 M=GET ORIG=/autonexus/customer/appointments BASE=/autonexus SCRIPT_BASE=/autonexus/public PATH=/customer/appointments
2026-03-04T13:30:41+05:30 M=GET ORIG=/autonexus/customer/track-services BASE=/autonexus SCRIPT_BASE=/autonexus/public PATH=/customer/track-services
2026-03-04T13:30:42+05:30 M=GET ORIG=/autonexus/customer/track-services/list BASE=/autonexus SCRIPT_BASE=/autonexus/public PATH=/customer/track-services/list
2026-03-04T13:30:43+05:30 M=GET ORIG=/autonexus/customer/service-history BASE=/autonexus SCRIPT_BASE=/autonexus/public PATH=/customer/service-history
2026-03-04T13:31:28+05:30 M=GET ORIG=/autonexus/customer/profile BASE=/autonexus SCRIPT_BASE=/autonexus/public PATH=/customer/profile
2026-03-04T13:31:37+05:30 M=GET ORIG=/autonexus/customer/service-reminder BASE=/autonexus SCRIPT_BASE=/autonexus/public PATH=/customer/service-reminder
2026-03-04T13:31:38+05:30 M=GET ORIG=/autonexus/public/assets/js/customer/service-reminder.js BASE=/autonexus SCRIPT_BASE=/autonexus/public PATH=/assets/js/customer/service-reminder.js
2026-03-04T13:31:44+05:30 M=GET ORIG=/autonexus/customer/service-history BASE=/autonexus SCRIPT_BASE=/autonexus/public PATH=/customer/service-history
2026-03-04T13:31:46+05:30 M=GET ORIG=/autonexus/customer/track-services BASE=/autonexus SCRIPT_BASE=/autonexus/public PATH=/customer/track-services
2026-03-04T13:31:46+05:30 M=GET ORIG=/autonexus/customer/track-services/list BASE=/autonexus SCRIPT_BASE=/autonexus/public PATH=/customer/track-services/list
2026-03-04T15:06:45+05:30 M=GET ORIG=/autonexus/login BASE=/autonexus SCRIPT_BASE=/autonexus/public PATH=/login
2026-03-04T15:07:16+05:30 M=POST ORIG=/autonexus/login BASE=/autonexus SCRIPT_BASE=/autonexus/public PATH=/login
2026-03-04T15:07:16+05:30 M=GET ORIG=/autonexus/admin-dashboard BASE=/autonexus SCRIPT_BASE=/autonexus/public PATH=/admin-dashboard
2026-03-04T15:07:19+05:30 M=GET ORIG=/autonexus/admin-dashboard?lang=en BASE=/autonexus SCRIPT_BASE=/autonexus/public PATH=/admin-dashboard
2026-03-04T15:07:21+05:30 M=GET ORIG=/autonexus/admin/branches BASE=/autonexus SCRIPT_BASE=/autonexus/public PATH=/admin/branches
2026-03-04T15:07:22+05:30 M=GET ORIG=/autonexus/admin/admin-viewservices BASE=/autonexus SCRIPT_BASE=/autonexus/public PATH=/admin/admin-viewservices
2026-03-04T15:07:23+05:30 M=GET ORIG=/autonexus/admin/admin-serviceapproval BASE=/autonexus SCRIPT_BASE=/autonexus/public PATH=/admin/admin-serviceapproval
2026-03-04T15:07:24+05:30 M=GET ORIG=/autonexus/admin/admin-servicehistory BASE=/autonexus SCRIPT_BASE=/autonexus/public PATH=/admin/admin-servicehistory
2026-03-04T15:07:24+05:30 M=GET ORIG=/autonexus/admin/admin-viewfeedback BASE=/autonexus SCRIPT_BASE=/autonexus/public PATH=/admin/admin-viewfeedback
2026-03-04T15:07:25+05:30 M=GET ORIG=/autonexus/admin/admin-notifications BASE=/autonexus SCRIPT_BASE=/autonexus/public PATH=/admin/admin-notifications
2026-03-04T15:07:27+05:30 M=GET ORIG=/autonexus/admin/admin-viewreports BASE=/autonexus SCRIPT_BASE=/autonexus/public PATH=/admin/admin-viewreports
2026-03-04T15:16:48+05:30 M=GET ORIG=/autonexus/login BASE=/autonexus SCRIPT_BASE=/autonexus/public PATH=/login
2026-03-04T15:17:05+05:30 M=POST ORIG=/autonexus/login BASE=/autonexus SCRIPT_BASE=/autonexus/public PATH=/login
2026-03-04T15:17:05+05:30 M=GET ORIG=/autonexus/login BASE=/autonexus SCRIPT_BASE=/autonexus/public PATH=/login
2026-03-04T15:17:18+05:30 M=POST ORIG=/autonexus/login BASE=/autonexus SCRIPT_BASE=/autonexus/public PATH=/login
2026-03-04T15:17:18+05:30 M=GET ORIG=/autonexus/customer/home BASE=/autonexus SCRIPT_BASE=/autonexus/public PATH=/customer/home
2026-03-04T15:17:18+05:30 M=GET ORIG=/autonexus/assets/img/logo.jpg BASE=/autonexus SCRIPT_BASE=/autonexus/public PATH=/assets/img/logo.jpg
2026-03-04T15:17:20+05:30 M=GET ORIG=/autonexus/customer/dashboard BASE=/autonexus SCRIPT_BASE=/autonexus/public PATH=/customer/dashboard
2026-03-04T15:35:16+05:30 M=GET ORIG=/autonexus/login BASE=/autonexus SCRIPT_BASE=/autonexus/public PATH=/login
2026-03-04T16:07:08+05:30 M=GET ORIG=/autonexus/customer/dashboard BASE=/autonexus SCRIPT_BASE=/autonexus/public PATH=/customer/dashboard
2026-03-04T16:07:11+05:30 M=GET ORIG=/autonexus/customer/dashboard BASE=/autonexus SCRIPT_BASE=/autonexus/public PATH=/customer/dashboard
2026-03-04T16:07:22+05:30 M=GET ORIG=/autonexus/login BASE=/autonexus SCRIPT_BASE=/autonexus/public PATH=/login
2026-03-04T16:07:34+05:30 M=POST ORIG=/autonexus/login BASE=/autonexus SCRIPT_BASE=/autonexus/public PATH=/login
2026-03-04T16:07:34+05:30 M=GET ORIG=/autonexus/customer/home BASE=/autonexus SCRIPT_BASE=/autonexus/public PATH=/customer/home
2026-03-04T16:07:34+05:30 M=GET ORIG=/autonexus/assets/img/logo.jpg BASE=/autonexus SCRIPT_BASE=/autonexus/public PATH=/assets/img/logo.jpg
2026-03-04T16:07:36+05:30 M=GET ORIG=/autonexus/customer/dashboard BASE=/autonexus SCRIPT_BASE=/autonexus/public PATH=/customer/dashboard
2026-03-04T16:09:03+05:30 M=GET ORIG=/autonexus/customer/rate-service BASE=/autonexus SCRIPT_BASE=/autonexus/public PATH=/customer/rate-service
2026-03-04T16:09:05+05:30 M=GET ORIG=/autonexus/customer/service-reminder BASE=/autonexus SCRIPT_BASE=/autonexus/public PATH=/customer/service-reminder
2026-03-04T16:09:05+05:30 M=GET ORIG=/autonexus/public/assets/js/customer/service-reminder.js BASE=/autonexus SCRIPT_BASE=/autonexus/public PATH=/assets/js/customer/service-reminder.js
2026-03-04T16:09:06+05:30 M=GET ORIG=/autonexus/customer/service-history BASE=/autonexus SCRIPT_BASE=/autonexus/public PATH=/customer/service-history
2026-03-04T16:09:07+05:30 M=GET ORIG=/autonexus/customer/track-services BASE=/autonexus SCRIPT_BASE=/autonexus/public PATH=/customer/track-services
2026-03-04T16:09:07+05:30 M=GET ORIG=/autonexus/customer/track-services/list BASE=/autonexus SCRIPT_BASE=/autonexus/public PATH=/customer/track-services/list
2026-03-04T16:09:08+05:30 M=GET ORIG=/autonexus/customer/appointments BASE=/autonexus SCRIPT_BASE=/autonexus/public PATH=/customer/appointments
2026-03-04T16:09:09+05:30 M=GET ORIG=/autonexus/customer/dashboard BASE=/autonexus SCRIPT_BASE=/autonexus/public PATH=/customer/dashboard
2026-03-04T16:09:11+05:30 M=GET ORIG=/autonexus/customer/home BASE=/autonexus SCRIPT_BASE=/autonexus/public PATH=/customer/home
2026-03-04T16:09:11+05:30 M=GET ORIG=/autonexus/assets/img/logo.jpg BASE=/autonexus SCRIPT_BASE=/autonexus/public PATH=/assets/img/logo.jpg
2026-03-04T16:09:13+05:30 M=GET ORIG=/autonexus/customer/dashboard BASE=/autonexus SCRIPT_BASE=/autonexus/public PATH=/customer/dashboard
2026-03-04T16:09:15+05:30 M=GET ORIG=/autonexus/customer/rate-service BASE=/autonexus SCRIPT_BASE=/autonexus/public PATH=/customer/rate-service
2026-03-04T16:09:18+05:30 M=GET ORIG=/autonexus/customer/profile BASE=/autonexus SCRIPT_BASE=/autonexus/public PATH=/customer/profile
2026-03-04T16:09:19+05:30 M=GET ORIG=/autonexus/customer/service-reminder BASE=/autonexus SCRIPT_BASE=/autonexus/public PATH=/customer/service-reminder
2026-03-04T16:09:19+05:30 M=GET ORIG=/autonexus/public/assets/js/customer/service-reminder.js BASE=/autonexus SCRIPT_BASE=/autonexus/public PATH=/assets/js/customer/service-reminder.js
2026-03-04T16:09:21+05:30 M=GET ORIG=/autonexus/customer/service-history BASE=/autonexus SCRIPT_BASE=/autonexus/public PATH=/customer/service-history
2026-03-04T16:09:24+05:30 M=GET ORIG=/autonexus/customer/service-history/41 BASE=/autonexus SCRIPT_BASE=/autonexus/public PATH=/customer/service-history/41
2026-03-04T16:09:26+05:30 M=GET ORIG=/autonexus/customer/service-history BASE=/autonexus SCRIPT_BASE=/autonexus/public PATH=/customer/service-history
2026-03-04T16:10:52+05:30 M=GET ORIG=/autonexus/customer/service-history BASE=/autonexus SCRIPT_BASE=/autonexus/public PATH=/customer/service-history
2026-03-04T16:10:53+05:30 M=GET ORIG=/autonexus/customer/service-history BASE=/autonexus SCRIPT_BASE=/autonexus/public PATH=/customer/service-history
2026-03-04T16:10:57+05:30 M=GET ORIG=/autonexus/customer/service-history BASE=/autonexus SCRIPT_BASE=/autonexus/public PATH=/customer/service-history
2026-03-04T16:11:02+05:30 M=GET ORIG=/autonexus/customer/service-history/41 BASE=/autonexus SCRIPT_BASE=/autonexus/public PATH=/customer/service-history/41
2026-03-04T16:11:04+05:30 M=GET ORIG=/autonexus/customer/service-history/41/pdf BASE=/autonexus SCRIPT_BASE=/autonexus/public PATH=/customer/service-history/41/pdf
2026-03-04T16:11:41+05:30 M=GET ORIG=/autonexus/customer/profile BASE=/autonexus SCRIPT_BASE=/autonexus/public PATH=/customer/profile
2026-03-04T16:11:46+05:30 M=GET ORIG=/autonexus/customer/home BASE=/autonexus SCRIPT_BASE=/autonexus/public PATH=/customer/home
2026-03-04T16:11:46+05:30 M=GET ORIG=/autonexus/assets/img/logo.jpg BASE=/autonexus SCRIPT_BASE=/autonexus/public PATH=/assets/img/logo.jpg
2026-03-04T16:11:48+05:30 M=GET ORIG=/autonexus/customer/dashboard BASE=/autonexus SCRIPT_BASE=/autonexus/public PATH=/customer/dashboard
2026-03-04T16:13:49+05:30 M=GET ORIG=/autonexus/customer/dashboard BASE=/autonexus SCRIPT_BASE=/autonexus/public PATH=/customer/dashboard
2026-03-04T16:13:53+05:30 M=GET ORIG=/autonexus/customer/file-complaint BASE=/autonexus SCRIPT_BASE=/autonexus/public PATH=/customer/file-complaint
